#
# There is insufficient memory for the Java Runtime Environment to continue.
# Native memory allocation (malloc) failed to allocate 317344 bytes. Error detail: Chunk::new
# Possible reasons:
#   The system is out of physical RAM or swap space
#   This process is running with CompressedOops enabled, and the Java Heap may be blocking the growth of the native heap
# Possible solutions:
#   Reduce memory load on the system
#   Increase physical memory or swap space
#   Check if swap backing store is full
#   Decrease Java heap size (-Xmx/-Xms)
#   Decrease number of Java threads
#   Decrease Java thread stack sizes (-Xss)
#   Set larger code cache with -XX:ReservedCodeCacheSize=
#   JVM is running with Unscaled Compressed Oops mode in which the Java heap is
#     placed in the first 4GB address space. The Java Heap base address is the
#     maximum limit for the native heap growth. Please use -XX:HeapBaseMinAddress
#     to set the Java Heap base and to place the Java Heap above 4GB virtual address.
# This output file may be truncated or incomplete.
#
#  Out of Memory Error (arena.cpp:191), pid=17564, tid=10236
#
# JRE version: OpenJDK Runtime Environment Temurin-17.0.12+7 (17.0.12+7) (build 17.0.12+7)
# Java VM: OpenJDK 64-Bit Server VM Temurin-17.0.12+7 (17.0.12+7, mixed mode, tiered, compressed oops, compressed class ptrs, parallel gc, windows-amd64)
# No core dump will be written. Minidumps are not enabled by default on client versions of Windows
#

---------------  S U M M A R Y ------------

Command Line: --add-modules=ALL-SYSTEM --add-opens=java.base/java.util=ALL-UNNAMED --add-opens=java.base/java.lang=ALL-UNNAMED --add-opens=java.base/sun.nio.fs=ALL-UNNAMED -Declipse.application=org.eclipse.jdt.ls.core.id1 -Dosgi.bundles.defaultStartLevel=4 -Declipse.product=org.eclipse.jdt.ls.core.product -Djava.import.generatesMetadataFilesAtProjectRoot=false -DDetectVMInstallationsJob.disabled=true -Dfile.encoding=utf8 -XX:+UseParallelGC -XX:GCTimeRatio=4 -XX:AdaptiveSizePolicyWeight=90 -Dsun.zip.disableMemoryMapping=true -Xmx1G -Xms100m -Xlog:disable -javaagent:c:\Users\SAITEJA\.vscode\extensions\redhat.java-1.34.0-win32-x64\lombok\lombok-1.18.33.jar -XX:+HeapDumpOnOutOfMemoryError -XX:HeapDumpPath=c:\Users\SAITEJA\AppData\Roaming\Code\User\workspaceStorage\07bd31480e3eb9841d5fedd4a663ccb6\redhat.java -Daether.dependencyCollector.impl=bf c:\Users\SAITEJA\.vscode\extensions\redhat.java-1.34.0-win32-x64\server\plugins\org.eclipse.equinox.launcher_1.6.900.v20240613-2009.jar -configuration c:\Users\SAITEJA\AppData\Roaming\Code\User\globalStorage\redhat.java\1.34.0\config_win -data c:\Users\SAITEJA\AppData\Roaming\Code\User\workspaceStorage\07bd31480e3eb9841d5fedd4a663ccb6\redhat.java\jdt_ws --pipe=\\.\pipe\lsp-75b5f89b59aee7aff3c64098e910e520-sock

Host: Intel(R) Core(TM) i5-1035G1 CPU @ 1.00GHz, 8 cores, 7G,  Windows 11 , 64 bit Build 22621 (10.0.22621.3958)
Time: Tue Sep 24 07:34:23 2024 India Standard Time elapsed time: 1495.526162 seconds (0d 0h 24m 55s)

---------------  T H R E A D  ---------------

Current thread (0x00000209f317e040):  JavaThread "C2 CompilerThread0" daemon [_thread_in_native, id=10236, stack(0x00000016a5900000,0x00000016a5a00000)]


Current CompileTask:
C2:1495526 16579 %     4       org.eclipse.jdt.internal.compiler.parser.TypeConverter::decodeType @ 1254 (1634 bytes)

Stack: [0x00000016a5900000,0x00000016a5a00000]
Native frames: (J=compiled Java code, j=interpreted, Vv=VM code, C=native code)
V  [jvm.dll+0x67f929]
V  [jvm.dll+0x8371ba]
V  [jvm.dll+0x838c7e]
V  [jvm.dll+0x8392e3]
V  [jvm.dll+0x24834f]
V  [jvm.dll+0xac9d4]
V  [jvm.dll+0xad01c]
V  [jvm.dll+0x3674a7]
V  [jvm.dll+0x33197a]
V  [jvm.dll+0x330e1a]
V  [jvm.dll+0x21a8b1]
V  [jvm.dll+0x219cf1]
V  [jvm.dll+0x1a58bd]
V  [jvm.dll+0x229a2d]
V  [jvm.dll+0x227bdc]
V  [jvm.dll+0x7ec1f7]
V  [jvm.dll+0x7e65dc]
V  [jvm.dll+0x67e7f7]
C  [ucrtbase.dll+0x29333]
C  [KERNEL32.DLL+0x1257d]
C  [ntdll.dll+0x5af28]


---------------  P R O C E S S  ---------------

Threads class SMR info:
_java_thread_list=0x00000209f9b59800, length=53, elements={
0x00000209da19dd30, 0x00000209ee026010, 0x00000209ee028090, 0x00000209f3175f20,
0x00000209f31767f0, 0x00000209f3177860, 0x00000209f317a340, 0x00000209f317e040,
0x00000209f3183970, 0x00000209f3187390, 0x00000209f32c6790, 0x00000209f34d69f0,
0x00000209f4bfe5d0, 0x00000209f4a2dcc0, 0x00000209f4c655e0, 0x00000209f51fa1f0,
0x00000209f540a6a0, 0x00000209f5500cb0, 0x00000209f54ffd80, 0x00000209f54d4e30,
0x00000209f54d6c90, 0x00000209f54d4920, 0x00000209f54d5340, 0x00000209f54d9a20,
0x00000209f54d8af0, 0x00000209f54d3f00, 0x00000209f54d25b0, 0x00000209f54d5850,
0x00000209f54d9f30, 0x00000209f54d6780, 0x00000209f54d2ac0, 0x00000209f54d7bc0,
0x00000209f54d2fd0, 0x00000209f54d4410, 0x00000209f54d6270, 0x00000209f54d80d0,
0x00000209f55007a0, 0x00000209f919f780, 0x00000209f919f270, 0x00000209f919b5b0,
0x00000209f9198820, 0x00000209f54d5d60, 0x00000209f4f58450, 0x00000209f4f51f10,
0x00000209f4f57f40, 0x00000209f4f54ca0, 0x00000209f4f53d70, 0x00000209f4f52930,
0x00000209f4f58960, 0x00000209f4f54280, 0x00000209f4f54790, 0x00000209f4f556c0,
0x00000209f4f55bd0
}

Java Threads: ( => current thread )
  0x00000209da19dd30 JavaThread "main" [_thread_blocked, id=9324, stack(0x00000016a5000000,0x00000016a5100000)]
  0x00000209ee026010 JavaThread "Reference Handler" daemon [_thread_blocked, id=976, stack(0x00000016a5300000,0x00000016a5400000)]
  0x00000209ee028090 JavaThread "Finalizer" daemon [_thread_blocked, id=4364, stack(0x00000016a5400000,0x00000016a5500000)]
  0x00000209f3175f20 JavaThread "Signal Dispatcher" daemon [_thread_blocked, id=12868, stack(0x00000016a5500000,0x00000016a5600000)]
  0x00000209f31767f0 JavaThread "Attach Listener" daemon [_thread_blocked, id=8416, stack(0x00000016a5600000,0x00000016a5700000)]
  0x00000209f3177860 JavaThread "Service Thread" daemon [_thread_blocked, id=14016, stack(0x00000016a5700000,0x00000016a5800000)]
  0x00000209f317a340 JavaThread "Monitor Deflation Thread" daemon [_thread_blocked, id=21160, stack(0x00000016a5800000,0x00000016a5900000)]
=>0x00000209f317e040 JavaThread "C2 CompilerThread0" daemon [_thread_in_native, id=10236, stack(0x00000016a5900000,0x00000016a5a00000)]
  0x00000209f3183970 JavaThread "C1 CompilerThread0" daemon [_thread_blocked, id=8188, stack(0x00000016a5a00000,0x00000016a5b00000)]
  0x00000209f3187390 JavaThread "Sweeper thread" daemon [_thread_blocked, id=20020, stack(0x00000016a5b00000,0x00000016a5c00000)]
  0x00000209f32c6790 JavaThread "Common-Cleaner" daemon [_thread_blocked, id=8212, stack(0x00000016a5c00000,0x00000016a5d00000)]
  0x00000209f34d69f0 JavaThread "Notification Thread" daemon [_thread_blocked, id=8392, stack(0x00000016a5e00000,0x00000016a5f00000)]
  0x00000209f4bfe5d0 JavaThread "Active Thread: Equinox Container: 8cd0e12e-9b4c-42b5-89ec-0c572e51f8e4" [_thread_blocked, id=10984, stack(0x00000016a6700000,0x00000016a6800000)]
  0x00000209f4a2dcc0 JavaThread "Framework Event Dispatcher: Equinox Container: 8cd0e12e-9b4c-42b5-89ec-0c572e51f8e4" daemon [_thread_blocked, id=19028, stack(0x00000016a6800000,0x00000016a6900000)]
  0x00000209f4c655e0 JavaThread "Start Level: Equinox Container: 8cd0e12e-9b4c-42b5-89ec-0c572e51f8e4" daemon [_thread_blocked, id=15560, stack(0x00000016a6900000,0x00000016a6a00000)]
  0x00000209f51fa1f0 JavaThread "Bundle File Closer" daemon [_thread_blocked, id=6324, stack(0x00000016a6b00000,0x00000016a6c00000)]
  0x00000209f540a6a0 JavaThread "SCR Component Actor" daemon [_thread_blocked, id=12124, stack(0x00000016a6c00000,0x00000016a6d00000)]
  0x00000209f5500cb0 JavaThread "Worker-JM" [_thread_blocked, id=7764, stack(0x00000016a6000000,0x00000016a6100000)]
  0x00000209f54ffd80 JavaThread "JNA Cleaner" daemon [_thread_blocked, id=12292, stack(0x00000016a6e00000,0x00000016a6f00000)]
  0x00000209f54d4e30 JavaThread "Java indexing" daemon [_thread_blocked, id=10968, stack(0x00000016a7200000,0x00000016a7300000)]
  0x00000209f54d6c90 JavaThread "Thread-2" daemon [_thread_in_native, id=10812, stack(0x00000016a7600000,0x00000016a7700000)]
  0x00000209f54d4920 JavaThread "Thread-3" daemon [_thread_in_native, id=15848, stack(0x00000016a7700000,0x00000016a7800000)]
  0x00000209f54d5340 JavaThread "Thread-4" daemon [_thread_in_native, id=10484, stack(0x00000016a7800000,0x00000016a7900000)]
  0x00000209f54d9a20 JavaThread "Thread-5" daemon [_thread_in_native, id=14712, stack(0x00000016a7900000,0x00000016a7a00000)]
  0x00000209f54d8af0 JavaThread "Thread-6" daemon [_thread_in_native, id=13888, stack(0x00000016a7a00000,0x00000016a7b00000)]
  0x00000209f54d3f00 JavaThread "Thread-7" daemon [_thread_in_native, id=4672, stack(0x00000016a7b00000,0x00000016a7c00000)]
  0x00000209f54d25b0 JavaThread "Thread-8" daemon [_thread_in_native, id=8464, stack(0x00000016a7c00000,0x00000016a7d00000)]
  0x00000209f54d5850 JavaThread "Thread-9" daemon [_thread_in_native, id=9596, stack(0x00000016a7d00000,0x00000016a7e00000)]
  0x00000209f54d9f30 JavaThread "Thread-10" daemon [_thread_in_native, id=4408, stack(0x00000016a7e00000,0x00000016a7f00000)]
  0x00000209f54d6780 JavaThread "pool-2-thread-1" [_thread_blocked, id=13696, stack(0x00000016a7f00000,0x00000016a8000000)]
  0x00000209f54d2ac0 JavaThread "WorkspaceEventsHandler" [_thread_blocked, id=8924, stack(0x00000016a8000000,0x00000016a8100000)]
  0x00000209f54d7bc0 JavaThread "pool-1-thread-1" [_thread_blocked, id=20776, stack(0x00000016a8100000,0x00000016a8200000)]
  0x00000209f54d2fd0 JavaThread "Compiler Source File Reader" daemon [_thread_blocked, id=14760, stack(0x00000016a8400000,0x00000016a8500000)]
  0x00000209f54d4410 JavaThread "Compiler Source File Reader" daemon [_thread_blocked, id=20984, stack(0x00000016a8500000,0x00000016a8600000)]
  0x00000209f54d6270 JavaThread "Compiler Source File Reader" daemon [_thread_blocked, id=12432, stack(0x00000016a8600000,0x00000016a8700000)]
  0x00000209f54d80d0 JavaThread "Compiler Source File Reader" daemon [_thread_blocked, id=4176, stack(0x00000016a8700000,0x00000016a8800000)]
  0x00000209f55007a0 JavaThread "Compiler Source File Reader" daemon [_thread_blocked, id=15988, stack(0x00000016a8800000,0x00000016a8900000)]
  0x00000209f919f780 JavaThread "Compiler Source File Reader" daemon [_thread_blocked, id=1472, stack(0x00000016a8900000,0x00000016a8a00000)]
  0x00000209f919f270 JavaThread "Java Debug Server" daemon [_thread_in_native, id=6536, stack(0x00000016a9000000,0x00000016a9100000)]
  0x00000209f919b5b0 JavaThread "RxSchedulerPurge-1" daemon [_thread_blocked, id=19372, stack(0x00000016a9200000,0x00000016a9300000)]
  0x00000209f9198820 JavaThread "RxCachedWorkerPoolEvictor-1" daemon [_thread_blocked, id=10900, stack(0x00000016a9300000,0x00000016a9400000)]
  0x00000209f54d5d60 JavaThread "Cleaner-0" daemon [_thread_blocked, id=14436, stack(0x00000016a9800000,0x00000016a9900000)]
  0x00000209f4f58450 JavaThread "Worker-7" [_thread_blocked, id=17252, stack(0x00000016a7000000,0x00000016a7100000)]
  0x00000209f4f51f10 JavaThread "Worker-9" [_thread_blocked, id=20556, stack(0x00000016a4f00000,0x00000016a5000000)]
  0x00000209f4f57f40 JavaThread "ForkJoinPool.commonPool-worker-11" daemon [_thread_blocked, id=14108, stack(0x00000016a4d00000,0x00000016a4e00000)]
  0x00000209f4f54ca0 JavaThread "ForkJoinPool.commonPool-worker-12" daemon [_thread_blocked, id=2768, stack(0x00000016a4e00000,0x00000016a4f00000)]
  0x00000209f4f53d70 JavaThread "ForkJoinPool.commonPool-worker-13" daemon [_thread_blocked, id=4328, stack(0x00000016a5d00000,0x00000016a5e00000)]
  0x00000209f4f52930 JavaThread "ForkJoinPool.commonPool-worker-14" daemon [_thread_in_native, id=14040, stack(0x00000016a6d00000,0x00000016a6e00000)]
  0x00000209f4f58960 JavaThread "Compiler Processing Task" daemon [_thread_blocked, id=3584, stack(0x00000016a6f00000,0x00000016a7000000)]
  0x00000209f4f54280 JavaThread "ForkJoinPool.commonPool-worker-15" daemon [_thread_in_Java, id=1948, stack(0x00000016a7100000,0x00000016a7200000)]
  0x00000209f4f54790 JavaThread "ForkJoinPool.commonPool-worker-16" daemon [_thread_blocked, id=11696, stack(0x00000016a7300000,0x00000016a7400000)]
  0x00000209f4f556c0 JavaThread "ForkJoinPool.commonPool-worker-17" daemon [_thread_blocked, id=6016, stack(0x00000016a7400000,0x00000016a7500000)]
  0x00000209f4f55bd0 JavaThread "Worker-11" [_thread_blocked, id=13484, stack(0x00000016a7500000,0x00000016a7600000)]

Other Threads:
  0x00000209f31518b0 VMThread "VM Thread" [stack: 0x00000016a5200000,0x00000016a5300000] [id=19816]
  0x00000209f4310180 WatcherThread [stack: 0x00000016a5f00000,0x00000016a6000000] [id=11464]
  0x00000209da1b6010 GCTaskThread "GC Thread#0" [stack: 0x00000016a5100000,0x00000016a5200000] [id=7144]
  0x00000209f490c770 GCTaskThread "GC Thread#1" [stack: 0x00000016a6100000,0x00000016a6200000] [id=5600]
  0x00000209f49073c0 GCTaskThread "GC Thread#2" [stack: 0x00000016a6200000,0x00000016a6300000] [id=9532]
  0x00000209f4907680 GCTaskThread "GC Thread#3" [stack: 0x00000016a6300000,0x00000016a6400000] [id=2304]
  0x00000209f4907d50 GCTaskThread "GC Thread#4" [stack: 0x00000016a6400000,0x00000016a6500000] [id=10836]
  0x00000209f4908430 GCTaskThread "GC Thread#5" [stack: 0x00000016a6500000,0x00000016a6600000] [id=13972]
  0x00000209f4930510 GCTaskThread "GC Thread#6" [stack: 0x00000016a6600000,0x00000016a6700000] [id=20660]
  0x00000209f4a7bae0 GCTaskThread "GC Thread#7" [stack: 0x00000016a6a00000,0x00000016a6b00000] [id=11188]

Threads with active compile tasks:
C2 CompilerThread0  1495706 16579 %     4       org.eclipse.jdt.internal.compiler.parser.TypeConverter::decodeType @ 1254 (1634 bytes)

VM state: not at safepoint (normal execution)

VM Mutex/Monitor currently owned by a thread: None

Heap address: 0x00000000c0000000, size: 1024 MB, Compressed Oops mode: 32-bit

CDS archive(s) not mapped
Compressed class space mapped at: 0x0000000100000000-0x0000000140000000, reserved size: 1073741824
Narrow klass base: 0x0000000000000000, Narrow klass shift: 3, Narrow klass range: 0x140000000

GC Precious Log:
 CPUs: 8 total, 8 available
 Memory: 7973M
 Large Page Support: Disabled
 NUMA Support: Disabled
 Compressed Oops: Enabled (32-bit)
 Alignments: Space 512K, Generation 512K, Heap 2M
 Heap Min Capacity: 100M
 Heap Initial Capacity: 100M
 Heap Max Capacity: 1G
 Pre-touch: Disabled
 Parallel Workers: 8

Heap:
 PSYoungGen      total 20480K, used 6041K [0x00000000eab00000, 0x00000000ec600000, 0x0000000100000000)
  eden space 16384K, 12% used [0x00000000eab00000,0x00000000eacec498,0x00000000ebb00000)
  from space 4096K, 99% used [0x00000000ebb00000,0x00000000ebef9fe0,0x00000000ebf00000)
  to   space 5632K, 0% used [0x00000000ec080000,0x00000000ec080000,0x00000000ec600000)
 ParOldGen       total 223744K, used 196946K [0x00000000c0000000, 0x00000000cda80000, 0x00000000eab00000)
  object space 223744K, 88% used [0x00000000c0000000,0x00000000cc054860,0x00000000cda80000)
 Metaspace       used 91366K, committed 92736K, reserved 1179648K
  class space    used 9832K, committed 10432K, reserved 1048576K

Card table byte_map: [0x00000209d9b60000,0x00000209d9d70000] _byte_map_base: 0x00000209d9560000

Marking Bits: (ParMarkBitMap*) 0x00007ffe5df758b0
 Begin Bits: [0x00000209ebe30000, 0x00000209ece30000)
 End Bits:   [0x00000209ece30000, 0x00000209ede30000)

Polling page: 0x00000209d9950000

Metaspace:

Usage:
  Non-class:     79.62 MB used.
      Class:      9.60 MB used.
       Both:     89.22 MB used.

Virtual space:
  Non-class space:      128.00 MB reserved,      80.38 MB ( 63%) committed,  2 nodes.
      Class space:        1.00 GB reserved,      10.19 MB ( <1%) committed,  1 nodes.
             Both:        1.12 GB reserved,      90.56 MB (  8%) committed. 

Chunk freelists:
   Non-Class:  15.02 MB
       Class:  5.83 MB
        Both:  20.84 MB

MaxMetaspaceSize: unlimited
CompressedClassSpaceSize: 1.00 GB
Initial GC threshold: 21.00 MB
Current GC threshold: 132.44 MB
CDS: off
MetaspaceReclaimPolicy: balanced
 - commit_granule_bytes: 65536.
 - commit_granule_words: 8192.
 - virtual_space_node_default_size: 8388608.
 - enlarge_chunks_in_place: 1.
 - new_chunks_are_fully_committed: 0.
 - uncommit_free_chunks: 1.
 - use_allocation_guard: 0.
 - handle_deallocations: 1.


Internal statistics:

num_allocs_failed_limit: 6.
num_arena_births: 1042.
num_arena_deaths: 28.
num_vsnodes_births: 3.
num_vsnodes_deaths: 0.
num_space_committed: 1449.
num_space_uncommitted: 0.
num_chunks_returned_to_freelist: 44.
num_chunks_taken_from_freelist: 4989.
num_chunk_merges: 13.
num_chunk_splits: 2991.
num_chunks_enlarged: 1609.
num_inconsistent_stats: 0.

CodeHeap 'non-profiled nmethods': size=120000Kb used=10274Kb max_used=10274Kb free=109725Kb
 bounds [0x00000209e4900000, 0x00000209e5310000, 0x00000209ebe30000]
CodeHeap 'profiled nmethods': size=120000Kb used=27182Kb max_used=27182Kb free=92817Kb
 bounds [0x00000209dce30000, 0x00000209de960000, 0x00000209e4360000]
CodeHeap 'non-nmethods': size=5760Kb used=1468Kb max_used=1541Kb free=4291Kb
 bounds [0x00000209e4360000, 0x00000209e45d0000, 0x00000209e4900000]
 total_blobs=13418 nmethods=12594 adapters=729
 compilation: enabled
              stopped_count=0, restarted_count=0
 full_count=0

Compilation events (20 events):
Event: 1495.453 Thread 0x00000209f317e040 16572       4       org.eclipse.jdt.internal.compiler.parser.ScannerHelper::isWhitespace (26 bytes)
Event: 1495.454 Thread 0x00000209f317e040 nmethod 16572 0x00000209e5308290 code [0x00000209e5308400, 0x00000209e5308498]
Event: 1495.454 Thread 0x00000209f317e040 16570       4       org.eclipse.jdt.internal.compiler.util.CharDelegateMap::toBigMap (35 bytes)
Event: 1495.459 Thread 0x00000209f317e040 nmethod 16570 0x00000209e5308590 code [0x00000209e5308720, 0x00000209e5308968]
Event: 1495.480 Thread 0x00000209f3183970 16578   !   3       org.eclipse.jdt.core.Signature::getParameterCount (84 bytes)
Event: 1495.481 Thread 0x00000209f3183970 nmethod 16578 0x00000209dd794590 code [0x00000209dd7947e0, 0x00000209dd795038]
Event: 1495.485 Thread 0x00000209f317e040 16579 %     4       org.eclipse.jdt.internal.compiler.parser.TypeConverter::decodeType @ 1254 (1634 bytes)
Event: 1495.493 Thread 0x00000209f3183970 16580       3       sun.nio.cs.ThreadLocalCoders$Cache::forName (108 bytes)
Event: 1495.494 Thread 0x00000209f3183970 nmethod 16580 0x00000209ddda5f90 code [0x00000209ddda61c0, 0x00000209ddda6b78]
Event: 1495.494 Thread 0x00000209f3183970 16581       3       java.nio.charset.CharsetDecoder::decode (136 bytes)
Event: 1495.495 Thread 0x00000209f3183970 nmethod 16581 0x00000209dddc6c90 code [0x00000209dddc6f40, 0x00000209dddc7cf8]
Event: 1495.505 Thread 0x00000209f3183970 16582       3       org.eclipse.jdt.internal.core.util.HashSetOfCharArrayArray::add (100 bytes)
Event: 1495.506 Thread 0x00000209f3183970 nmethod 16582 0x00000209ddfe2890 code [0x00000209ddfe2aa0, 0x00000209ddfe31c8]
Event: 1495.514 Thread 0x00000209f3183970 16584       3       org.eclipse.jdt.internal.compiler.lookup.Scope::getPackage (247 bytes)
Event: 1495.516 Thread 0x00000209f3183970 nmethod 16584 0x00000209dd7cbf90 code [0x00000209dd7cc380, 0x00000209dd7ce688]
Event: 1495.516 Thread 0x00000209f3183970 16583   !   3       org.eclipse.jdt.internal.compiler.lookup.ClassScope::connectTypeHierarchy (216 bytes)
Event: 1495.519 Thread 0x00000209f3183970 nmethod 16583 0x00000209dd97e390 code [0x00000209dd97e6a0, 0x00000209dd97fb88]
Event: 1495.519 Thread 0x00000209f3183970 16585       3       org.eclipse.jdt.internal.compiler.ast.QualifiedTypeReference::rejectAnnotationsOnPackageQualifiers (129 bytes)
Event: 1495.520 Thread 0x00000209f3183970 nmethod 16585 0x00000209ddce5f90 code [0x00000209ddce61c0, 0x00000209ddce6b18]
Event: 1495.523 Thread 0x00000209f3183970 16586       3       java.lang.StringLatin1::inflate (10 bytes)

GC Heap History (20 events):
Event: 613.973 GC heap before
{Heap before GC invocations=289 (full 12):
 PSYoungGen      total 20480K, used 20447K [0x00000000eab00000, 0x00000000ec280000, 0x0000000100000000)
  eden space 18432K, 100% used [0x00000000eab00000,0x00000000ebd00000,0x00000000ebd00000)
  from space 2048K, 98% used [0x00000000ec080000,0x00000000ec277ec0,0x00000000ec280000)
  to   space 2560K, 0% used [0x00000000ebd80000,0x00000000ebd80000,0x00000000ec000000)
 ParOldGen       total 223744K, used 192016K [0x00000000c0000000, 0x00000000cda80000, 0x00000000eab00000)
  object space 223744K, 85% used [0x00000000c0000000,0x00000000cbb84240,0x00000000cda80000)
 Metaspace       used 89653K, committed 91072K, reserved 1179648K
  class space    used 9698K, committed 10304K, reserved 1048576K
}
Event: 613.975 GC heap after
{Heap after GC invocations=289 (full 12):
 PSYoungGen      total 20992K, used 2559K [0x00000000eab00000, 0x00000000ec300000, 0x0000000100000000)
  eden space 18432K, 0% used [0x00000000eab00000,0x00000000eab00000,0x00000000ebd00000)
  from space 2560K, 99% used [0x00000000ebd80000,0x00000000ebfffef0,0x00000000ec000000)
  to   space 3072K, 0% used [0x00000000ec000000,0x00000000ec000000,0x00000000ec300000)
 ParOldGen       total 223744K, used 192336K [0x00000000c0000000, 0x00000000cda80000, 0x00000000eab00000)
  object space 223744K, 85% used [0x00000000c0000000,0x00000000cbbd4250,0x00000000cda80000)
 Metaspace       used 89653K, committed 91072K, reserved 1179648K
  class space    used 9698K, committed 10304K, reserved 1048576K
}
Event: 1479.907 GC heap before
{Heap before GC invocations=290 (full 12):
 PSYoungGen      total 20992K, used 20991K [0x00000000eab00000, 0x00000000ec300000, 0x0000000100000000)
  eden space 18432K, 100% used [0x00000000eab00000,0x00000000ebd00000,0x00000000ebd00000)
  from space 2560K, 99% used [0x00000000ebd80000,0x00000000ebfffef0,0x00000000ec000000)
  to   space 3072K, 0% used [0x00000000ec000000,0x00000000ec000000,0x00000000ec300000)
 ParOldGen       total 223744K, used 192336K [0x00000000c0000000, 0x00000000cda80000, 0x00000000eab00000)
  object space 223744K, 85% used [0x00000000c0000000,0x00000000cbbd4250,0x00000000cda80000)
 Metaspace       used 90086K, committed 91456K, reserved 1179648K
  class space    used 9754K, committed 10368K, reserved 1048576K
}
Event: 1479.909 GC heap after
{Heap after GC invocations=290 (full 12):
 PSYoungGen      total 20992K, used 2319K [0x00000000eab00000, 0x00000000ec280000, 0x0000000100000000)
  eden space 18432K, 0% used [0x00000000eab00000,0x00000000eab00000,0x00000000ebd00000)
  from space 2560K, 90% used [0x00000000ec000000,0x00000000ec243ea0,0x00000000ec280000)
  to   space 2560K, 0% used [0x00000000ebd80000,0x00000000ebd80000,0x00000000ec000000)
 ParOldGen       total 223744K, used 192368K [0x00000000c0000000, 0x00000000cda80000, 0x00000000eab00000)
  object space 223744K, 85% used [0x00000000c0000000,0x00000000cbbdc250,0x00000000cda80000)
 Metaspace       used 90086K, committed 91456K, reserved 1179648K
  class space    used 9754K, committed 10368K, reserved 1048576K
}
Event: 1483.304 GC heap before
{Heap before GC invocations=291 (full 12):
 PSYoungGen      total 20992K, used 20738K [0x00000000eab00000, 0x00000000ec280000, 0x0000000100000000)
  eden space 18432K, 99% used [0x00000000eab00000,0x00000000ebcfcc38,0x00000000ebd00000)
  from space 2560K, 90% used [0x00000000ec000000,0x00000000ec243ea0,0x00000000ec280000)
  to   space 2560K, 0% used [0x00000000ebd80000,0x00000000ebd80000,0x00000000ec000000)
 ParOldGen       total 223744K, used 192368K [0x00000000c0000000, 0x00000000cda80000, 0x00000000eab00000)
  object space 223744K, 85% used [0x00000000c0000000,0x00000000cbbdc250,0x00000000cda80000)
 Metaspace       used 90121K, committed 91456K, reserved 1179648K
  class space    used 9756K, committed 10368K, reserved 1048576K
}
Event: 1483.306 GC heap after
{Heap after GC invocations=291 (full 12):
 PSYoungGen      total 20992K, used 2559K [0x00000000eab00000, 0x00000000ec300000, 0x0000000100000000)
  eden space 18432K, 0% used [0x00000000eab00000,0x00000000eab00000,0x00000000ebd00000)
  from space 2560K, 99% used [0x00000000ebd80000,0x00000000ebfffed0,0x00000000ec000000)
  to   space 3072K, 0% used [0x00000000ec000000,0x00000000ec000000,0x00000000ec300000)
 ParOldGen       total 223744K, used 192368K [0x00000000c0000000, 0x00000000cda80000, 0x00000000eab00000)
  object space 223744K, 85% used [0x00000000c0000000,0x00000000cbbdc250,0x00000000cda80000)
 Metaspace       used 90121K, committed 91456K, reserved 1179648K
  class space    used 9756K, committed 10368K, reserved 1048576K
}
Event: 1486.311 GC heap before
{Heap before GC invocations=292 (full 12):
 PSYoungGen      total 20992K, used 20991K [0x00000000eab00000, 0x00000000ec300000, 0x0000000100000000)
  eden space 18432K, 100% used [0x00000000eab00000,0x00000000ebd00000,0x00000000ebd00000)
  from space 2560K, 99% used [0x00000000ebd80000,0x00000000ebfffed0,0x00000000ec000000)
  to   space 3072K, 0% used [0x00000000ec000000,0x00000000ec000000,0x00000000ec300000)
 ParOldGen       total 223744K, used 192368K [0x00000000c0000000, 0x00000000cda80000, 0x00000000eab00000)
  object space 223744K, 85% used [0x00000000c0000000,0x00000000cbbdc250,0x00000000cda80000)
 Metaspace       used 90275K, committed 91584K, reserved 1179648K
  class space    used 9757K, committed 10368K, reserved 1048576K
}
Event: 1486.313 GC heap after
{Heap after GC invocations=292 (full 12):
 PSYoungGen      total 21504K, used 2799K [0x00000000eab00000, 0x00000000ec300000, 0x0000000100000000)
  eden space 18432K, 0% used [0x00000000eab00000,0x00000000eab00000,0x00000000ebd00000)
  from space 3072K, 91% used [0x00000000ec000000,0x00000000ec2bbee0,0x00000000ec300000)
  to   space 3072K, 0% used [0x00000000ebd00000,0x00000000ebd00000,0x00000000ec000000)
 ParOldGen       total 223744K, used 192464K [0x00000000c0000000, 0x00000000cda80000, 0x00000000eab00000)
  object space 223744K, 86% used [0x00000000c0000000,0x00000000cbbf4250,0x00000000cda80000)
 Metaspace       used 90275K, committed 91584K, reserved 1179648K
  class space    used 9757K, committed 10368K, reserved 1048576K
}
Event: 1487.123 GC heap before
{Heap before GC invocations=293 (full 12):
 PSYoungGen      total 21504K, used 21231K [0x00000000eab00000, 0x00000000ec300000, 0x0000000100000000)
  eden space 18432K, 100% used [0x00000000eab00000,0x00000000ebd00000,0x00000000ebd00000)
  from space 3072K, 91% used [0x00000000ec000000,0x00000000ec2bbee0,0x00000000ec300000)
  to   space 3072K, 0% used [0x00000000ebd00000,0x00000000ebd00000,0x00000000ec000000)
 ParOldGen       total 223744K, used 192464K [0x00000000c0000000, 0x00000000cda80000, 0x00000000eab00000)
  object space 223744K, 86% used [0x00000000c0000000,0x00000000cbbf4250,0x00000000cda80000)
 Metaspace       used 90402K, committed 91712K, reserved 1179648K
  class space    used 9764K, committed 10368K, reserved 1048576K
}
Event: 1487.126 GC heap after
{Heap after GC invocations=293 (full 12):
 PSYoungGen      total 21504K, used 2991K [0x00000000eab00000, 0x00000000ec300000, 0x0000000100000000)
  eden space 18432K, 0% used [0x00000000eab00000,0x00000000eab00000,0x00000000ebd00000)
  from space 3072K, 97% used [0x00000000ebd00000,0x00000000ebfebf30,0x00000000ec000000)
  to   space 3072K, 0% used [0x00000000ec000000,0x00000000ec000000,0x00000000ec300000)
 ParOldGen       total 223744K, used 192520K [0x00000000c0000000, 0x00000000cda80000, 0x00000000eab00000)
  object space 223744K, 86% used [0x00000000c0000000,0x00000000cbc02250,0x00000000cda80000)
 Metaspace       used 90402K, committed 91712K, reserved 1179648K
  class space    used 9764K, committed 10368K, reserved 1048576K
}
Event: 1489.363 GC heap before
{Heap before GC invocations=294 (full 12):
 PSYoungGen      total 21504K, used 21423K [0x00000000eab00000, 0x00000000ec300000, 0x0000000100000000)
  eden space 18432K, 100% used [0x00000000eab00000,0x00000000ebd00000,0x00000000ebd00000)
  from space 3072K, 97% used [0x00000000ebd00000,0x00000000ebfebf30,0x00000000ec000000)
  to   space 3072K, 0% used [0x00000000ec000000,0x00000000ec000000,0x00000000ec300000)
 ParOldGen       total 223744K, used 192520K [0x00000000c0000000, 0x00000000cda80000, 0x00000000eab00000)
  object space 223744K, 86% used [0x00000000c0000000,0x00000000cbc02250,0x00000000cda80000)
 Metaspace       used 90562K, committed 91904K, reserved 1179648K
  class space    used 9767K, committed 10368K, reserved 1048576K
}
Event: 1489.366 GC heap after
{Heap after GC invocations=294 (full 12):
 PSYoungGen      total 20992K, used 3064K [0x00000000eab00000, 0x00000000ec400000, 0x0000000100000000)
  eden space 17920K, 0% used [0x00000000eab00000,0x00000000eab00000,0x00000000ebc80000)
  from space 3072K, 99% used [0x00000000ec000000,0x00000000ec2fe2f8,0x00000000ec300000)
  to   space 3584K, 0% used [0x00000000ebc80000,0x00000000ebc80000,0x00000000ec000000)
 ParOldGen       total 223744K, used 192845K [0x00000000c0000000, 0x00000000cda80000, 0x00000000eab00000)
  object space 223744K, 86% used [0x00000000c0000000,0x00000000cbc536f0,0x00000000cda80000)
 Metaspace       used 90562K, committed 91904K, reserved 1179648K
  class space    used 9767K, committed 10368K, reserved 1048576K
}
Event: 1490.352 GC heap before
{Heap before GC invocations=295 (full 12):
 PSYoungGen      total 20992K, used 20984K [0x00000000eab00000, 0x00000000ec400000, 0x0000000100000000)
  eden space 17920K, 100% used [0x00000000eab00000,0x00000000ebc80000,0x00000000ebc80000)
  from space 3072K, 99% used [0x00000000ec000000,0x00000000ec2fe2f8,0x00000000ec300000)
  to   space 3584K, 0% used [0x00000000ebc80000,0x00000000ebc80000,0x00000000ec000000)
 ParOldGen       total 223744K, used 192845K [0x00000000c0000000, 0x00000000cda80000, 0x00000000eab00000)
  object space 223744K, 86% used [0x00000000c0000000,0x00000000cbc536f0,0x00000000cda80000)
 Metaspace       used 91182K, committed 92544K, reserved 1179648K
  class space    used 9823K, committed 10432K, reserved 1048576K
}
Event: 1490.356 GC heap after
{Heap after GC invocations=295 (full 12):
 PSYoungGen      total 21504K, used 3576K [0x00000000eab00000, 0x00000000ec580000, 0x0000000100000000)
  eden space 17920K, 0% used [0x00000000eab00000,0x00000000eab00000,0x00000000ebc80000)
  from space 3584K, 99% used [0x00000000ebc80000,0x00000000ebffe318,0x00000000ec000000)
  to   space 4608K, 0% used [0x00000000ec100000,0x00000000ec100000,0x00000000ec580000)
 ParOldGen       total 223744K, used 193522K [0x00000000c0000000, 0x00000000cda80000, 0x00000000eab00000)
  object space 223744K, 86% used [0x00000000c0000000,0x00000000cbcfcba0,0x00000000cda80000)
 Metaspace       used 91182K, committed 92544K, reserved 1179648K
  class space    used 9823K, committed 10432K, reserved 1048576K
}
Event: 1492.226 GC heap before
{Heap before GC invocations=296 (full 12):
 PSYoungGen      total 21504K, used 21496K [0x00000000eab00000, 0x00000000ec580000, 0x0000000100000000)
  eden space 17920K, 100% used [0x00000000eab00000,0x00000000ebc80000,0x00000000ebc80000)
  from space 3584K, 99% used [0x00000000ebc80000,0x00000000ebffe318,0x00000000ec000000)
  to   space 4608K, 0% used [0x00000000ec100000,0x00000000ec100000,0x00000000ec580000)
 ParOldGen       total 223744K, used 193522K [0x00000000c0000000, 0x00000000cda80000, 0x00000000eab00000)
  object space 223744K, 86% used [0x00000000c0000000,0x00000000cbcfcba0,0x00000000cda80000)
 Metaspace       used 91252K, committed 92608K, reserved 1179648K
  class space    used 9832K, committed 10432K, reserved 1048576K
}
Event: 1492.229 GC heap after
{Heap after GC invocations=296 (full 12):
 PSYoungGen      total 20992K, used 2775K [0x00000000eab00000, 0x00000000ec400000, 0x0000000100000000)
  eden space 17920K, 0% used [0x00000000eab00000,0x00000000eab00000,0x00000000ebc80000)
  from space 3072K, 90% used [0x00000000ec100000,0x00000000ec3b5dc8,0x00000000ec400000)
  to   space 3584K, 0% used [0x00000000ebd00000,0x00000000ebd00000,0x00000000ec080000)
 ParOldGen       total 223744K, used 193900K [0x00000000c0000000, 0x00000000cda80000, 0x00000000eab00000)
  object space 223744K, 86% used [0x00000000c0000000,0x00000000cbd5b0b0,0x00000000cda80000)
 Metaspace       used 91252K, committed 92608K, reserved 1179648K
  class space    used 9832K, committed 10432K, reserved 1048576K
}
Event: 1493.425 GC heap before
{Heap before GC invocations=297 (full 12):
 PSYoungGen      total 20992K, used 20695K [0x00000000eab00000, 0x00000000ec400000, 0x0000000100000000)
  eden space 17920K, 100% used [0x00000000eab00000,0x00000000ebc80000,0x00000000ebc80000)
  from space 3072K, 90% used [0x00000000ec100000,0x00000000ec3b5dc8,0x00000000ec400000)
  to   space 3584K, 0% used [0x00000000ebd00000,0x00000000ebd00000,0x00000000ec080000)
 ParOldGen       total 223744K, used 193900K [0x00000000c0000000, 0x00000000cda80000, 0x00000000eab00000)
  object space 223744K, 86% used [0x00000000c0000000,0x00000000cbd5b0b0,0x00000000cda80000)
 Metaspace       used 91279K, committed 92672K, reserved 1179648K
  class space    used 9832K, committed 10432K, reserved 1048576K
}
Event: 1493.428 GC heap after
{Heap after GC invocations=297 (full 12):
 PSYoungGen      total 21504K, used 3287K [0x00000000eab00000, 0x00000000ec380000, 0x0000000100000000)
  eden space 17920K, 0% used [0x00000000eab00000,0x00000000eab00000,0x00000000ebc80000)
  from space 3584K, 91% used [0x00000000ebd00000,0x00000000ec035de8,0x00000000ec080000)
  to   space 3072K, 0% used [0x00000000ec080000,0x00000000ec080000,0x00000000ec380000)
 ParOldGen       total 223744K, used 193908K [0x00000000c0000000, 0x00000000cda80000, 0x00000000eab00000)
  object space 223744K, 86% used [0x00000000c0000000,0x00000000cbd5d0b0,0x00000000cda80000)
 Metaspace       used 91279K, committed 92672K, reserved 1179648K
  class space    used 9832K, committed 10432K, reserved 1048576K
}
Event: 1495.462 GC heap before
{Heap before GC invocations=298 (full 12):
 PSYoungGen      total 21504K, used 21179K [0x00000000eab00000, 0x00000000ec380000, 0x0000000100000000)
  eden space 17920K, 99% used [0x00000000eab00000,0x00000000ebc79060,0x00000000ebc80000)
  from space 3584K, 91% used [0x00000000ebd00000,0x00000000ec035de8,0x00000000ec080000)
  to   space 3072K, 0% used [0x00000000ec080000,0x00000000ec080000,0x00000000ec380000)
 ParOldGen       total 223744K, used 193908K [0x00000000c0000000, 0x00000000cda80000, 0x00000000eab00000)
  object space 223744K, 86% used [0x00000000c0000000,0x00000000cbd5d0b0,0x00000000cda80000)
 Metaspace       used 91358K, committed 92736K, reserved 1179648K
  class space    used 9832K, committed 10432K, reserved 1048576K
}
Event: 1495.465 GC heap after
{Heap after GC invocations=298 (full 12):
 PSYoungGen      total 19456K, used 3047K [0x00000000eab00000, 0x00000000ec780000, 0x0000000100000000)
  eden space 16384K, 0% used [0x00000000eab00000,0x00000000eab00000,0x00000000ebb00000)
  from space 3072K, 99% used [0x00000000ec080000,0x00000000ec379df8,0x00000000ec380000)
  to   space 5632K, 0% used [0x00000000ebb00000,0x00000000ebb00000,0x00000000ec080000)
 ParOldGen       total 223744K, used 195781K [0x00000000c0000000, 0x00000000cda80000, 0x00000000eab00000)
  object space 223744K, 87% used [0x00000000c0000000,0x00000000cbf31658,0x00000000cda80000)
 Metaspace       used 91358K, committed 92736K, reserved 1179648K
  class space    used 9832K, committed 10432K, reserved 1048576K
}

Dll operation events (12 events):
Event: 0.014 Loaded shared library c:\Users\SAITEJA\.vscode\extensions\redhat.java-1.34.0-win32-x64\jre\17.0.12-win32-x86_64\bin\java.dll
Event: 0.162 Loaded shared library c:\Users\SAITEJA\.vscode\extensions\redhat.java-1.34.0-win32-x64\jre\17.0.12-win32-x86_64\bin\zip.dll
Event: 0.164 Loaded shared library C:\Users\SAITEJA\.vscode\extensions\redhat.java-1.34.0-win32-x64\jre\17.0.12-win32-x86_64\bin\instrument.dll
Event: 0.176 Loaded shared library C:\Users\SAITEJA\.vscode\extensions\redhat.java-1.34.0-win32-x64\jre\17.0.12-win32-x86_64\bin\net.dll
Event: 0.177 Loaded shared library C:\Users\SAITEJA\.vscode\extensions\redhat.java-1.34.0-win32-x64\jre\17.0.12-win32-x86_64\bin\nio.dll
Event: 0.183 Loaded shared library C:\Users\SAITEJA\.vscode\extensions\redhat.java-1.34.0-win32-x64\jre\17.0.12-win32-x86_64\bin\zip.dll
Event: 0.197 Loaded shared library C:\Users\SAITEJA\.vscode\extensions\redhat.java-1.34.0-win32-x64\jre\17.0.12-win32-x86_64\bin\jimage.dll
Event: 0.242 Loaded shared library c:\Users\SAITEJA\.vscode\extensions\redhat.java-1.34.0-win32-x64\jre\17.0.12-win32-x86_64\bin\verify.dll
Event: 1.148 Loaded shared library C:\Users\SAITEJA\AppData\Roaming\Code\User\globalStorage\redhat.java\1.34.0\config_win\org.eclipse.equinox.launcher\org.eclipse.equinox.launcher.win32.win32.x86_64_1.2.1100.v20240722-2106\eclipse_11904.dll
Event: 2.590 Loaded shared library C:\Users\SAITEJA\AppData\Local\Temp\jna--1715722845\jna3902634321030361923.dll
Event: 11.350 Loaded shared library C:\Users\SAITEJA\.vscode\extensions\redhat.java-1.34.0-win32-x64\jre\17.0.12-win32-x86_64\bin\extnet.dll
Event: 84.279 Loaded shared library C:\Users\SAITEJA\.vscode\extensions\redhat.java-1.34.0-win32-x64\jre\17.0.12-win32-x86_64\bin\sunmscapi.dll

Deoptimization events (20 events):
Event: 1492.763 Thread 0x00000209f54d4e30 Uncommon trap: trap_request=0xffffff6e fr.pc=0x00000209e52d4308 relative=0x0000000000001708
Event: 1492.763 Thread 0x00000209f54d4e30 Uncommon trap: reason=loop_limit_check action=maybe_recompile pc=0x00000209e52d4308 method=org.eclipse.jdt.internal.compiler.parser.diagnose.DiagnoseParser.scopeTrialCheck([IILorg/eclipse/jdt/internal/compiler/parser/diagnose/DiagnoseParser$PrimaryRepairI
Event: 1492.763 Thread 0x00000209f54d4e30 DEOPT PACKING pc=0x00000209e52d4308 sp=0x00000016a72fea10
Event: 1492.763 Thread 0x00000209f54d4e30 DEOPT UNPACKING pc=0x00000209e43b9ea3 sp=0x00000016a72fe988 mode 2
Event: 1492.766 Thread 0x00000209f54d4e30 DEOPT PACKING pc=0x00000209dce5285a sp=0x00000016a72fead0
Event: 1492.766 Thread 0x00000209f54d4e30 DEOPT UNPACKING pc=0x00000209e43ba9e3 sp=0x00000016a72fdee8 mode 0
Event: 1492.767 Thread 0x00000209f54d4e30 Uncommon trap: trap_request=0xffffff45 fr.pc=0x00000209e524834c relative=0x00000000000018cc
Event: 1492.767 Thread 0x00000209f54d4e30 Uncommon trap: reason=unstable_if action=reinterpret pc=0x00000209e524834c method=org.eclipse.jdt.internal.compiler.parser.diagnose.DiagnoseParser.scopeTrialCheck([IILorg/eclipse/jdt/internal/compiler/parser/diagnose/DiagnoseParser$PrimaryRepairInfo;I)V @
Event: 1492.767 Thread 0x00000209f54d4e30 DEOPT PACKING pc=0x00000209e524834c sp=0x00000016a72fea00
Event: 1492.767 Thread 0x00000209f54d4e30 DEOPT UNPACKING pc=0x00000209e43b9ea3 sp=0x00000016a72fe998 mode 2
Event: 1492.841 Thread 0x00000209f4f55bd0 DEOPT PACKING pc=0x00000209de8d0bf4 sp=0x00000016a75fe9b0
Event: 1492.841 Thread 0x00000209f4f55bd0 DEOPT UNPACKING pc=0x00000209e43ba9e3 sp=0x00000016a75fdea0 mode 0
Event: 1495.438 Thread 0x00000209f4f52930 Uncommon trap: trap_request=0xffffff3d fr.pc=0x00000209e5236078 relative=0x0000000000001d18
Event: 1495.438 Thread 0x00000209f4f52930 Uncommon trap: reason=unstable_fused_if action=reinterpret pc=0x00000209e5236078 method=org.eclipse.jdt.internal.core.util.MementoTokenizer.nextToken()Ljava/lang/String; @ 23 c2
Event: 1495.439 Thread 0x00000209f4f52930 DEOPT PACKING pc=0x00000209e5236078 sp=0x00000016a6dfda40
Event: 1495.439 Thread 0x00000209f4f52930 DEOPT UNPACKING pc=0x00000209e43b9ea3 sp=0x00000016a6dfda50 mode 2
Event: 1495.442 Thread 0x00000209f4f52930 Uncommon trap: trap_request=0xffffff76 fr.pc=0x00000209e51ebf18 relative=0x00000000000025d8
Event: 1495.442 Thread 0x00000209f4f52930 Uncommon trap: reason=predicate action=maybe_recompile pc=0x00000209e51ebf18 method=org.eclipse.jdt.internal.compiler.parser.TypeConverter.extractIdentifiers(Ljava/lang/String;III)[[C @ 77 c2
Event: 1495.442 Thread 0x00000209f4f52930 DEOPT PACKING pc=0x00000209e51ebf18 sp=0x00000016a6dfda10
Event: 1495.442 Thread 0x00000209f4f52930 DEOPT UNPACKING pc=0x00000209e43b9ea3 sp=0x00000016a6dfd920 mode 2

Classes loaded (20 events):
Event: 90.982 Loading class sun/security/ssl/Alert$Level
Event: 90.982 Loading class sun/security/ssl/Alert$Level done
Event: 303.396 Loading class java/util/stream/Nodes$CollectorTask$OfRef
Event: 303.397 Loading class java/util/stream/Nodes$CollectorTask
Event: 303.397 Loading class java/util/stream/AbstractTask
Event: 303.397 Loading class java/util/stream/AbstractTask done
Event: 303.397 Loading class java/util/stream/Nodes$CollectorTask done
Event: 303.397 Loading class java/util/stream/Nodes$CollectorTask$OfRef done
Event: 303.398 Loading class java/util/function/LongFunction
Event: 303.398 Loading class java/util/function/LongFunction done
Event: 303.398 Loading class java/util/stream/Nodes$ConcNode
Event: 303.398 Loading class java/util/stream/Nodes$AbstractConcNode
Event: 303.399 Loading class java/util/stream/Nodes$AbstractConcNode done
Event: 303.399 Loading class java/util/stream/Nodes$ConcNode done
Event: 303.408 Loading class java/io/ObjectOutputStream$BlockDataOutputStream
Event: 303.409 Loading class java/io/ObjectOutputStream$BlockDataOutputStream done
Event: 303.409 Loading class java/io/ObjectOutputStream$HandleTable
Event: 303.409 Loading class java/io/ObjectOutputStream$HandleTable done
Event: 303.409 Loading class java/io/ObjectOutputStream$ReplaceTable
Event: 303.409 Loading class java/io/ObjectOutputStream$ReplaceTable done

Classes unloaded (14 events):
Event: 3.974 Thread 0x00000209f31518b0 Unloading class 0x0000000100250800 'java/lang/invoke/LambdaForm$MH+0x0000000100250800'
Event: 3.974 Thread 0x00000209f31518b0 Unloading class 0x0000000100250400 'java/lang/invoke/LambdaForm$MH+0x0000000100250400'
Event: 3.974 Thread 0x00000209f31518b0 Unloading class 0x0000000100250000 'java/lang/invoke/LambdaForm$MH+0x0000000100250000'
Event: 3.974 Thread 0x00000209f31518b0 Unloading class 0x000000010024fc00 'java/lang/invoke/LambdaForm$MH+0x000000010024fc00'
Event: 3.974 Thread 0x00000209f31518b0 Unloading class 0x000000010024f800 'java/lang/invoke/LambdaForm$BMH+0x000000010024f800'
Event: 3.974 Thread 0x00000209f31518b0 Unloading class 0x000000010024f400 'java/lang/invoke/LambdaForm$DMH+0x000000010024f400'
Event: 3.974 Thread 0x00000209f31518b0 Unloading class 0x000000010024c800 'java/lang/invoke/LambdaForm$DMH+0x000000010024c800'
Event: 7.302 Thread 0x00000209f31518b0 Unloading class 0x000000010041cc00 'java/lang/invoke/LambdaForm$MH+0x000000010041cc00'
Event: 7.302 Thread 0x00000209f31518b0 Unloading class 0x000000010041c000 'java/lang/invoke/LambdaForm$MH+0x000000010041c000'
Event: 7.302 Thread 0x00000209f31518b0 Unloading class 0x000000010041b800 'java/lang/invoke/LambdaForm$MH+0x000000010041b800'
Event: 7.302 Thread 0x00000209f31518b0 Unloading class 0x000000010041b000 'java/lang/invoke/LambdaForm$MH+0x000000010041b000'
Event: 7.302 Thread 0x00000209f31518b0 Unloading class 0x000000010041a400 'java/lang/invoke/LambdaForm$MH+0x000000010041a400'
Event: 7.302 Thread 0x00000209f31518b0 Unloading class 0x0000000100419c00 'java/lang/invoke/LambdaForm$MH+0x0000000100419c00'
Event: 7.302 Thread 0x00000209f31518b0 Unloading class 0x0000000100414400 'java/lang/invoke/LambdaForm$MH+0x0000000100414400'

Classes redefined (0 events):
No events

Internal exceptions (20 events):
Event: 1486.309 Thread 0x00000209f54d7bc0 Implicit null exception at 0x00000209e4e0872b to 0x00000209e4e08c64
Event: 1486.338 Thread 0x00000209f54d7bc0 Exception <a 'java/lang/ArrayIndexOutOfBoundsException'{0x00000000eadd87b8}: Index 73 out of bounds for length 73> (0x00000000eadd87b8) 
thrown [s\src\hotspot\share\interpreter\interpreterRuntime.cpp, line 428]
Event: 1486.357 Thread 0x00000209f54d7bc0 Exception <a 'java/lang/ArrayIndexOutOfBoundsException'{0x00000000eb0af2a0}: Index 73 out of bounds for length 73> (0x00000000eb0af2a0) 
thrown [s\src\hotspot\share\interpreter\interpreterRuntime.cpp, line 428]
Event: 1488.733 Thread 0x00000209f4f556c0 Exception <a 'java/lang/ArrayIndexOutOfBoundsException'{0x00000000eb7c19f8}: Index 73 out of bounds for length 73> (0x00000000eb7c19f8) 
thrown [s\src\hotspot\share\interpreter\interpreterRuntime.cpp, line 428]
Event: 1489.004 Thread 0x00000209f4f556c0 Exception <a 'java/lang/ArrayIndexOutOfBoundsException'{0x00000000eb8f6a78}: Index 73 out of bounds for length 73> (0x00000000eb8f6a78) 
thrown [s\src\hotspot\share\interpreter\interpreterRuntime.cpp, line 428]
Event: 1489.278 Thread 0x00000209f54d4e30 Exception <a 'sun/nio/fs/WindowsException'{0x00000000eba9d928}> (0x00000000eba9d928) 
thrown [s\src\hotspot\share\prims\jni.cpp, line 516]
Event: 1489.285 Thread 0x00000209f54d4e30 Exception <a 'sun/nio/fs/WindowsException'{0x00000000ebc8e8d8}> (0x00000000ebc8e8d8) 
thrown [s\src\hotspot\share\prims\jni.cpp, line 516]
Event: 1489.807 Thread 0x00000209f54d7bc0 Exception <a 'java/lang/ArrayIndexOutOfBoundsException'{0x00000000eb150c40}: Index 1291 out of bounds for length 1291> (0x00000000eb150c40) 
thrown [s\src\hotspot\share\interpreter\interpreterRuntime.cpp, line 428]
Event: 1489.835 Thread 0x00000209f54d7bc0 Exception <a 'java/lang/ArrayIndexOutOfBoundsException'{0x00000000eb27d7c0}: Index 1291 out of bounds for length 1291> (0x00000000eb27d7c0) 
thrown [s\src\hotspot\share\interpreter\interpreterRuntime.cpp, line 428]
Event: 1489.836 Thread 0x00000209f54d7bc0 Exception <a 'java/lang/ArrayIndexOutOfBoundsException'{0x00000000eb285c68}: Index 1291 out of bounds for length 1291> (0x00000000eb285c68) 
thrown [s\src\hotspot\share\interpreter\interpreterRuntime.cpp, line 428]
Event: 1489.836 Thread 0x00000209f54d7bc0 Exception <a 'java/lang/ArrayIndexOutOfBoundsException'{0x00000000eb286230}: Index 1292 out of bounds for length 1291> (0x00000000eb286230) 
thrown [s\src\hotspot\share\interpreter\interpreterRuntime.cpp, line 428]
Event: 1490.047 Thread 0x00000209f4f54280 Exception <a 'java/lang/ArrayIndexOutOfBoundsException'{0x00000000eb8e9628}> (0x00000000eb8e9628) 
thrown [s\src\hotspot\share\runtime\sharedRuntime.cpp, line 631]
Event: 1491.487 Thread 0x00000209f4f54280 Exception <a 'java/lang/ArrayIndexOutOfBoundsException'{0x00000000eb9e4f38}> (0x00000000eb9e4f38) 
thrown [s\src\hotspot\share\runtime\sharedRuntime.cpp, line 631]
Event: 1491.832 Thread 0x00000209f4f54280 Exception <a 'java/lang/ArrayIndexOutOfBoundsException'{0x00000000ebb02218}> (0x00000000ebb02218) 
thrown [s\src\hotspot\share\runtime\sharedRuntime.cpp, line 631]
Event: 1492.244 Thread 0x00000209f54d4e30 Exception <a 'sun/nio/fs/WindowsException'{0x00000000eab25870}> (0x00000000eab25870) 
thrown [s\src\hotspot\share\prims\jni.cpp, line 516]
Event: 1492.257 Thread 0x00000209f54d4e30 Exception <a 'sun/nio/fs/WindowsException'{0x00000000eacf4f48}> (0x00000000eacf4f48) 
thrown [s\src\hotspot\share\prims\jni.cpp, line 516]
Event: 1493.128 Thread 0x00000209f54d7bc0 Exception <a 'java/lang/ArrayIndexOutOfBoundsException'{0x00000000eb8604a0}> (0x00000000eb8604a0) 
thrown [s\src\hotspot\share\runtime\sharedRuntime.cpp, line 631]
Event: 1493.133 Thread 0x00000209f54d7bc0 Exception <a 'java/lang/ArrayIndexOutOfBoundsException'{0x00000000eb8daa40}> (0x00000000eb8daa40) 
thrown [s\src\hotspot\share\runtime\sharedRuntime.cpp, line 631]
Event: 1493.134 Thread 0x00000209f54d7bc0 Exception <a 'java/lang/ArrayIndexOutOfBoundsException'{0x00000000eb8dc8a0}> (0x00000000eb8dc8a0) 
thrown [s\src\hotspot\share\runtime\sharedRuntime.cpp, line 631]
Event: 1493.134 Thread 0x00000209f54d7bc0 Exception <a 'java/lang/ArrayIndexOutOfBoundsException'{0x00000000eb8dce68}> (0x00000000eb8dce68) 
thrown [s\src\hotspot\share\runtime\sharedRuntime.cpp, line 631]

VM Operations (20 events):
Event: 1489.827 Executing VM operation: HandshakeAllThreads
Event: 1489.828 Executing VM operation: HandshakeAllThreads done
Event: 1489.844 Executing VM operation: HandshakeAllThreads
Event: 1489.844 Executing VM operation: HandshakeAllThreads done
Event: 1489.846 Executing VM operation: HandshakeAllThreads
Event: 1489.846 Executing VM operation: HandshakeAllThreads done
Event: 1490.352 Executing VM operation: ParallelGCFailedAllocation
Event: 1490.356 Executing VM operation: ParallelGCFailedAllocation done
Event: 1491.356 Executing VM operation: Cleanup
Event: 1491.356 Executing VM operation: Cleanup done
Event: 1492.226 Executing VM operation: ParallelGCFailedAllocation
Event: 1492.229 Executing VM operation: ParallelGCFailedAllocation done
Event: 1493.234 Executing VM operation: Cleanup
Event: 1493.234 Executing VM operation: Cleanup done
Event: 1493.425 Executing VM operation: ParallelGCFailedAllocation
Event: 1493.428 Executing VM operation: ParallelGCFailedAllocation done
Event: 1495.428 Executing VM operation: Cleanup
Event: 1495.429 Executing VM operation: Cleanup done
Event: 1495.462 Executing VM operation: ParallelGCFailedAllocation
Event: 1495.465 Executing VM operation: ParallelGCFailedAllocation done

Events (20 events):
Event: 1488.389 Thread 0x00000209f3187390 flushing nmethod 0x00000209de143410
Event: 1488.390 Thread 0x00000209f3187390 flushing nmethod 0x00000209de175110
Event: 1488.390 Thread 0x00000209f3187390 flushing nmethod 0x00000209de1f2e10
Event: 1488.390 Thread 0x00000209f3187390 flushing nmethod 0x00000209de265910
Event: 1488.390 Thread 0x00000209f3187390 flushing nmethod 0x00000209de266c90
Event: 1488.391 Thread 0x00000209f3187390 flushing nmethod 0x00000209de3f4610
Event: 1488.391 Thread 0x00000209f3187390 flushing nmethod 0x00000209de3f5690
Event: 1488.391 Thread 0x00000209f3187390 flushing nmethod 0x00000209de41e290
Event: 1488.391 Thread 0x00000209f3187390 flushing nmethod 0x00000209de44db10
Event: 1488.392 Thread 0x00000209f3187390 flushing nmethod 0x00000209de5fed10
Event: 1488.392 Thread 0x00000209f3187390 flushing nmethod 0x00000209de616210
Event: 1488.392 Thread 0x00000209f3187390 flushing nmethod 0x00000209de6bc810
Event: 1488.393 Thread 0x00000209f3187390 flushing nmethod 0x00000209de7d7d90
Event: 1489.383 Thread 0x00000209f4f55bd0 Thread added: 0x00000209f4f55bd0
Event: 1489.932 Thread 0x00000209f925c9d0 Thread added: 0x00000209f925c9d0
Event: 1490.082 Thread 0x00000209f925c9d0 Thread exited: 0x00000209f925c9d0
Event: 1492.397 Thread 0x00000209f925cf20 Thread added: 0x00000209f925cf20
Event: 1492.707 Thread 0x00000209f925cf20 Thread exited: 0x00000209f925cf20
Event: 1493.367 Thread 0x00000209f9263eb0 Thread added: 0x00000209f9263eb0
Event: 1493.665 Thread 0x00000209f9263eb0 Thread exited: 0x00000209f9263eb0


Dynamic libraries:
0x00007ff6ac130000 - 0x00007ff6ac13e000 	c:\Users\SAITEJA\.vscode\extensions\redhat.java-1.34.0-win32-x64\jre\17.0.12-win32-x86_64\bin\java.exe
0x00007ffeb05b0000 - 0x00007ffeb07c7000 	C:\WINDOWS\SYSTEM32\ntdll.dll
0x00007ffeaec30000 - 0x00007ffeaecf4000 	C:\WINDOWS\System32\KERNEL32.DLL
0x00007ffeadca0000 - 0x00007ffeae04d000 	C:\WINDOWS\System32\KERNELBASE.dll
0x00007ffeada10000 - 0x00007ffeadb21000 	C:\WINDOWS\System32\ucrtbase.dll
0x00007ffe86b60000 - 0x00007ffe86b77000 	c:\Users\SAITEJA\.vscode\extensions\redhat.java-1.34.0-win32-x64\jre\17.0.12-win32-x86_64\bin\jli.dll
0x00007ffe856b0000 - 0x00007ffe856cb000 	c:\Users\SAITEJA\.vscode\extensions\redhat.java-1.34.0-win32-x64\jre\17.0.12-win32-x86_64\bin\VCRUNTIME140.dll
0x00007ffeae690000 - 0x00007ffeae83e000 	C:\WINDOWS\System32\USER32.dll
0x00007ffe92180000 - 0x00007ffe92413000 	C:\WINDOWS\WinSxS\amd64_microsoft.windows.common-controls_6595b64144ccf1df_6.0.22621.3672_none_2713b9d173822955\COMCTL32.dll
0x00007ffead9e0000 - 0x00007ffeada06000 	C:\WINDOWS\System32\win32u.dll
0x00007ffeb0540000 - 0x00007ffeb0569000 	C:\WINDOWS\System32\GDI32.dll
0x00007ffeae4d0000 - 0x00007ffeae577000 	C:\WINDOWS\System32\msvcrt.dll
0x00007ffeae050000 - 0x00007ffeae169000 	C:\WINDOWS\System32\gdi32full.dll
0x00007ffead940000 - 0x00007ffead9da000 	C:\WINDOWS\System32\msvcp_win.dll
0x00007ffeae9d0000 - 0x00007ffeaea01000 	C:\WINDOWS\System32\IMM32.DLL
0x00007ffea1be0000 - 0x00007ffea1bec000 	c:\Users\SAITEJA\.vscode\extensions\redhat.java-1.34.0-win32-x64\jre\17.0.12-win32-x86_64\bin\vcruntime140_1.dll
0x00007ffe62940000 - 0x00007ffe629cd000 	c:\Users\SAITEJA\.vscode\extensions\redhat.java-1.34.0-win32-x64\jre\17.0.12-win32-x86_64\bin\msvcp140.dll
0x00007ffe5d3d0000 - 0x00007ffe5e03a000 	c:\Users\SAITEJA\.vscode\extensions\redhat.java-1.34.0-win32-x64\jre\17.0.12-win32-x86_64\bin\server\jvm.dll
0x00007ffeae2e0000 - 0x00007ffeae392000 	C:\WINDOWS\System32\ADVAPI32.dll
0x00007ffeaf390000 - 0x00007ffeaf439000 	C:\WINDOWS\System32\sechost.dll
0x00007ffeae2b0000 - 0x00007ffeae2d8000 	C:\WINDOWS\System32\bcrypt.dll
0x00007ffeae3b0000 - 0x00007ffeae4c4000 	C:\WINDOWS\System32\RPCRT4.dll
0x00007ffeae580000 - 0x00007ffeae5f1000 	C:\WINDOWS\System32\WS2_32.dll
0x00007ffead7a0000 - 0x00007ffead7ed000 	C:\WINDOWS\SYSTEM32\POWRPROF.dll
0x00007ffea4970000 - 0x00007ffea49a4000 	C:\WINDOWS\SYSTEM32\WINMM.dll
0x00007ffea1940000 - 0x00007ffea194a000 	C:\WINDOWS\SYSTEM32\VERSION.dll
0x00007ffead780000 - 0x00007ffead793000 	C:\WINDOWS\SYSTEM32\UMPDC.dll
0x00007ffeac920000 - 0x00007ffeac938000 	C:\WINDOWS\SYSTEM32\kernel.appcore.dll
0x00007ffe925a0000 - 0x00007ffe925aa000 	c:\Users\SAITEJA\.vscode\extensions\redhat.java-1.34.0-win32-x64\jre\17.0.12-win32-x86_64\bin\jimage.dll
0x00007ffea73d0000 - 0x00007ffea7602000 	C:\WINDOWS\SYSTEM32\DBGHELP.DLL
0x00007ffeaed20000 - 0x00007ffeaf0ae000 	C:\WINDOWS\System32\combase.dll
0x00007ffeb02b0000 - 0x00007ffeb0387000 	C:\WINDOWS\System32\OLEAUT32.dll
0x00007ffe805a0000 - 0x00007ffe805d2000 	C:\WINDOWS\SYSTEM32\dbgcore.DLL
0x00007ffeae170000 - 0x00007ffeae1eb000 	C:\WINDOWS\System32\bcryptPrimitives.dll
0x00007ffe91850000 - 0x00007ffe9185e000 	c:\Users\SAITEJA\.vscode\extensions\redhat.java-1.34.0-win32-x64\jre\17.0.12-win32-x86_64\bin\instrument.dll
0x00007ffe74f10000 - 0x00007ffe74f35000 	c:\Users\SAITEJA\.vscode\extensions\redhat.java-1.34.0-win32-x64\jre\17.0.12-win32-x86_64\bin\java.dll
0x00007ffe83a40000 - 0x00007ffe83a58000 	c:\Users\SAITEJA\.vscode\extensions\redhat.java-1.34.0-win32-x64\jre\17.0.12-win32-x86_64\bin\zip.dll
0x00007ffeafa40000 - 0x00007ffeb02a7000 	C:\WINDOWS\System32\SHELL32.dll
0x00007ffeab850000 - 0x00007ffeac14f000 	C:\WINDOWS\SYSTEM32\windows.storage.dll
0x00007ffeab710000 - 0x00007ffeab84f000 	C:\WINDOWS\SYSTEM32\wintypes.dll
0x00007ffeaf290000 - 0x00007ffeaf389000 	C:\WINDOWS\System32\SHCORE.dll
0x00007ffeaf550000 - 0x00007ffeaf5ae000 	C:\WINDOWS\System32\shlwapi.dll
0x00007ffead800000 - 0x00007ffead827000 	C:\WINDOWS\SYSTEM32\profapi.dll
0x00007ffe80b90000 - 0x00007ffe80ba9000 	C:\Users\SAITEJA\.vscode\extensions\redhat.java-1.34.0-win32-x64\jre\17.0.12-win32-x86_64\bin\net.dll
0x00007ffea4c90000 - 0x00007ffea4dc6000 	C:\WINDOWS\SYSTEM32\WINHTTP.dll
0x00007ffeacd90000 - 0x00007ffeacdf9000 	C:\WINDOWS\system32\mswsock.dll
0x00007ffe80250000 - 0x00007ffe80266000 	C:\Users\SAITEJA\.vscode\extensions\redhat.java-1.34.0-win32-x64\jre\17.0.12-win32-x86_64\bin\nio.dll
0x00007ffe90510000 - 0x00007ffe90520000 	c:\Users\SAITEJA\.vscode\extensions\redhat.java-1.34.0-win32-x64\jre\17.0.12-win32-x86_64\bin\verify.dll
0x00007ffe63eb0000 - 0x00007ffe63ef5000 	C:\Users\SAITEJA\AppData\Roaming\Code\User\globalStorage\redhat.java\1.34.0\config_win\org.eclipse.equinox.launcher\org.eclipse.equinox.launcher.win32.win32.x86_64_1.2.1100.v20240722-2106\eclipse_11904.dll
0x00007ffeb0390000 - 0x00007ffeb0535000 	C:\WINDOWS\System32\ole32.dll
0x00007ffeacfe0000 - 0x00007ffeacffb000 	C:\WINDOWS\SYSTEM32\CRYPTSP.dll
0x00007ffeac880000 - 0x00007ffeac8b5000 	C:\WINDOWS\system32\rsaenh.dll
0x00007ffeace80000 - 0x00007ffeacea8000 	C:\WINDOWS\SYSTEM32\USERENV.dll
0x00007ffead000000 - 0x00007ffead00c000 	C:\WINDOWS\SYSTEM32\CRYPTBASE.dll
0x00007ffeac3f0000 - 0x00007ffeac41d000 	C:\WINDOWS\SYSTEM32\IPHLPAPI.DLL
0x00007ffeae680000 - 0x00007ffeae689000 	C:\WINDOWS\System32\NSI.dll
0x00007ffea5050000 - 0x00007ffea5069000 	C:\WINDOWS\SYSTEM32\dhcpcsvc6.DLL
0x00007ffea4c70000 - 0x00007ffea4c8f000 	C:\WINDOWS\SYSTEM32\dhcpcsvc.DLL
0x00007ffeac470000 - 0x00007ffeac568000 	C:\WINDOWS\SYSTEM32\DNSAPI.dll
0x00007ffe6a030000 - 0x00007ffe6a075000 	C:\Users\SAITEJA\AppData\Local\Temp\jna--1715722845\jna3902634321030361923.dll
0x00007ffeae860000 - 0x00007ffeae868000 	C:\WINDOWS\System32\PSAPI.DLL
0x00007ffea5cc0000 - 0x00007ffea5cc9000 	C:\Users\SAITEJA\.vscode\extensions\redhat.java-1.34.0-win32-x64\jre\17.0.12-win32-x86_64\bin\extnet.dll
0x00007ffea5cf0000 - 0x00007ffea5cfe000 	C:\Users\SAITEJA\.vscode\extensions\redhat.java-1.34.0-win32-x64\jre\17.0.12-win32-x86_64\bin\sunmscapi.dll
0x00007ffeadb30000 - 0x00007ffeadc96000 	C:\WINDOWS\System32\CRYPT32.dll
0x00007ffead180000 - 0x00007ffead1ae000 	C:\WINDOWS\SYSTEM32\ncrypt.dll
0x00007ffead140000 - 0x00007ffead177000 	C:\WINDOWS\SYSTEM32\NTASN1.dll
0x00007ffe9d5b0000 - 0x00007ffe9d5ba000 	C:\Windows\System32\rasadhlp.dll
0x00007ffea24f0000 - 0x00007ffea2573000 	C:\WINDOWS\System32\fwpuclnt.dll

dbghelp: loaded successfully - version: 4.0.5 - missing functions: none
symbol engine: initialized successfully - sym options: 0x614 - pdb path: .;c:\Users\SAITEJA\.vscode\extensions\redhat.java-1.34.0-win32-x64\jre\17.0.12-win32-x86_64\bin;C:\WINDOWS\SYSTEM32;C:\WINDOWS\WinSxS\amd64_microsoft.windows.common-controls_6595b64144ccf1df_6.0.22621.3672_none_2713b9d173822955;c:\Users\SAITEJA\.vscode\extensions\redhat.java-1.34.0-win32-x64\jre\17.0.12-win32-x86_64\bin\server;C:\Users\SAITEJA\AppData\Roaming\Code\User\globalStorage\redhat.java\1.34.0\config_win\org.eclipse.equinox.launcher\org.eclipse.equinox.launcher.win32.win32.x86_64_1.2.1100.v20240722-2106;C:\Users\SAITEJA\AppData\Local\Temp\jna--1715722845

VM Arguments:
jvm_args: --add-modules=ALL-SYSTEM --add-opens=java.base/java.util=ALL-UNNAMED --add-opens=java.base/java.lang=ALL-UNNAMED --add-opens=java.base/sun.nio.fs=ALL-UNNAMED -Declipse.application=org.eclipse.jdt.ls.core.id1 -Dosgi.bundles.defaultStartLevel=4 -Declipse.product=org.eclipse.jdt.ls.core.product -Djava.import.generatesMetadataFilesAtProjectRoot=false -DDetectVMInstallationsJob.disabled=true -Dfile.encoding=utf8 -XX:+UseParallelGC -XX:GCTimeRatio=4 -XX:AdaptiveSizePolicyWeight=90 -Dsun.zip.disableMemoryMapping=true -Xmx1G -Xms100m -Xlog:disable -javaagent:c:\Users\SAITEJA\.vscode\extensions\redhat.java-1.34.0-win32-x64\lombok\lombok-1.18.33.jar -XX:+HeapDumpOnOutOfMemoryError -XX:HeapDumpPath=c:\Users\SAITEJA\AppData\Roaming\Code\User\workspaceStorage\07bd31480e3eb9841d5fedd4a663ccb6\redhat.java -Daether.dependencyCollector.impl=bf 
java_command: c:\Users\SAITEJA\.vscode\extensions\redhat.java-1.34.0-win32-x64\server\plugins\org.eclipse.equinox.launcher_1.6.900.v20240613-2009.jar -configuration c:\Users\SAITEJA\AppData\Roaming\Code\User\globalStorage\redhat.java\1.34.0\config_win -data c:\Users\SAITEJA\AppData\Roaming\Code\User\workspaceStorage\07bd31480e3eb9841d5fedd4a663ccb6\redhat.java\jdt_ws --pipe=\\.\pipe\lsp-75b5f89b59aee7aff3c64098e910e520-sock
java_class_path (initial): c:\Users\SAITEJA\.vscode\extensions\redhat.java-1.34.0-win32-x64\server\plugins\org.eclipse.equinox.launcher_1.6.900.v20240613-2009.jar
Launcher Type: SUN_STANDARD

[Global flags]
    uintx AdaptiveSizePolicyWeight                 = 90                                        {product} {command line}
     intx CICompilerCount                          = 4                                         {product} {ergonomic}
    uintx GCTimeRatio                              = 4                                         {product} {command line}
     bool HeapDumpOnOutOfMemoryError               = true                                   {manageable} {command line}
    ccstr HeapDumpPath                             = c:\Users\SAITEJA\AppData\Roaming\Code\User\workspaceStorage\07bd31480e3eb9841d5fedd4a663ccb6\redhat.java         {manageable} {command line}
   size_t InitialHeapSize                          = 104857600                                 {product} {command line}
   size_t MaxHeapSize                              = 1073741824                                {product} {command line}
   size_t MaxNewSize                               = 357564416                                 {product} {ergonomic}
   size_t MinHeapDeltaBytes                        = 524288                                    {product} {ergonomic}
   size_t MinHeapSize                              = 104857600                                 {product} {command line}
   size_t NewSize                                  = 34603008                                  {product} {ergonomic}
    uintx NonNMethodCodeHeapSize                   = 5839372                                {pd product} {ergonomic}
    uintx NonProfiledCodeHeapSize                  = 122909434                              {pd product} {ergonomic}
   size_t OldSize                                  = 70254592                                  {product} {ergonomic}
    uintx ProfiledCodeHeapSize                     = 122909434                              {pd product} {ergonomic}
    uintx ReservedCodeCacheSize                    = 251658240                              {pd product} {ergonomic}
     bool SegmentedCodeCache                       = true                                      {product} {ergonomic}
   size_t SoftMaxHeapSize                          = 1073741824                             {manageable} {ergonomic}
     bool UseCompressedClassPointers               = true                           {product lp64_product} {ergonomic}
     bool UseCompressedOops                        = true                           {product lp64_product} {ergonomic}
     bool UseLargePagesIndividualAllocation        = false                                  {pd product} {ergonomic}
     bool UseParallelGC                            = true                                      {product} {command line}

Logging:
Log output configuration:
 #0: stdout all=off uptime,level,tags
 #1: stderr all=off uptime,level,tags

Environment Variables:
PATH=C:\Program Files\Common Files\Oracle\Java\javapath;C:\WINDOWS\system32;C:\WINDOWS;C:\WINDOWS\System32\Wbem;C:\WINDOWS\System32\WindowsPowerShell\v1.0\;C:\WINDOWS\System32\OpenSSH\;chrome;C:\Users\SAITEJA\Desktop\iiec;C:\MinGW\bin;E:\Git-Devop\Git\cmd;C:\Program Files\dotnet\;C:\Users\SAITEJA\AppData\Local\Microsoft\WindowsApps;C:\Program Files (x86)\Google\Chrome\Application;C:\Users\SAITEJA\Desktop\iiec;C:\MinGW\bin;C:\Program Files\CodeBlocks\MinGW\bin;C:\Program Files\JetBrains\IntelliJ IDEA Community Edition 2024.2.1\bin;;C:\Users\SAITEJA\AppData\Local\Programs\Microsoft VS Code\bin
USERNAME=SAITEJA
OS=Windows_NT
PROCESSOR_IDENTIFIER=Intel64 Family 6 Model 126 Stepping 5, GenuineIntel
TMP=C:\Users\SAITEJA\AppData\Local\Temp
TEMP=C:\Users\SAITEJA\AppData\Local\Temp



Periodic native trim disabled


---------------  S Y S T E M  ---------------

OS:
 Windows 11 , 64 bit Build 22621 (10.0.22621.3958)
OS uptime: 2 days 21:04 hours

CPU: total 8 (initial active 8) (4 cores per cpu, 2 threads per core) family 6 model 126 stepping 5 microcode 0xc4, cx8, cmov, fxsr, ht, mmx, 3dnowpref, sse, sse2, sse3, ssse3, sse4.1, sse4.2, popcnt, lzcnt, tsc, tscinvbit, avx, avx2, aes, erms, clmul, bmi1, bmi2, adx, avx512f, avx512dq, avx512cd, avx512bw, avx512vl, sha, fma, vzeroupper, avx512_vpopcntdq, avx512_vpclmulqdq, avx512_vaes, avx512_vnni, clflush, clflushopt, avx512_vbmi2, avx512_vbmi
Processor Information for all 8 processors :
  Max Mhz: 1190, Current Mhz: 991, Mhz Limit: 987

Memory: 4k page, system-wide physical 7973M (632M free)
TotalPageFile size 10021M (AvailPageFile size 132M)
current process WorkingSet (physical memory assigned to process): 597M, peak: 679M
current process commit charge ("private bytes"): 501M, peak: 592M

vm_info: OpenJDK 64-Bit Server VM (17.0.12+7) for windows-amd64 JRE (17.0.12+7), built on Jul 16 2024 22:08:24 by "admin" with MS VC++ 16.10 / 16.11 (VS2019)

END.
